<?xml version="1.0" encoding="UTF-8"?>
<testsuite name="AnimalTest" tests="4" skipped="0" failures="0" errors="0" timestamp="2020-02-12T07:39:24" hostname="umuzi-admin" time="0.003">
  <properties/>
  <testcase name="TestDogEats" classname="AnimalTest" time="0.001"/>
  <testcase name="TestCatSound" classname="AnimalTest" time="0.0"/>
  <testcase name="TestDogSound" classname="AnimalTest" time="0.001"/>
  <testcase name="TestCatEats" classname="AnimalTest" time="0.0"/>
  <system-out><![CDATA[]]></system-out>
  <system-err><![CDATA[]]></system-err>
</testsuite>
